#
# There is insufficient memory for the Java Runtime Environment to continue.
# Native memory allocation (mmap) failed to map 79691776 bytes for G1 virtual space
# Possible reasons:
#   The system is out of physical RAM or swap space
#   The process is running with CompressedOops enabled, and the Java Heap may be blocking the growth of the native heap
# Possible solutions:
#   Reduce memory load on the system
#   Increase physical memory or swap space
#   Check if swap backing store is full
#   Decrease Java heap size (-Xmx/-Xms)
#   Decrease number of Java threads
#   Decrease Java thread stack sizes (-Xss)
#   Set larger code cache with -XX:ReservedCodeCacheSize=
#   JVM is running with Unscaled Compressed Oops mode in which the Java heap is
#     placed in the first 4GB address space. The Java Heap base address is the
#     maximum limit for the native heap growth. Please use -XX:HeapBaseMinAddress
#     to set the Java Heap base and to place the Java Heap above 4GB virtual address.
# This output file may be truncated or incomplete.
#
#  Out of Memory Error (os_windows.cpp:3541), pid=18964, tid=13452
#
# JRE version: Java(TM) SE Runtime Environment (17.0.5+9) (build 17.0.5+9-LTS-191)
# Java VM: Java HotSpot(TM) 64-Bit Server VM (17.0.5+9-LTS-191, mixed mode, sharing, tiered, compressed oops, compressed class ptrs, g1 gc, windows-amd64)
# No core dump will be written. Minidumps are not enabled by default on client versions of Windows
#

---------------  S U M M A R Y ------------

Command Line: -javaagent:C:\\Users\\ashis\\.m2\\repository\\org\\jacoco\\org.jacoco.agent\\0.8.9\\org.jacoco.agent-0.8.9-runtime.jar=destfile=G:\\1Ashish_Mfpe\\Claim Mangement\\ClaimBackend\\surveyor\\target\\jacoco.exec C:\Users\ashis\AppData\Local\Temp\surefire12444028372753265440\surefirebooter2259329487527287474.jar C:\Users\ashis\AppData\Local\Temp\surefire12444028372753265440 2023-05-01T19-03-45_752-jvmRun1 surefire9772662284560455260tmp surefire_011611054695746379614tmp

Host: Intel(R) Core(TM) i5-8265U CPU @ 1.60GHz, 8 cores, 7G,  Windows 11 , 64 bit Build 22621 (10.0.22621.1485)
Time: Mon May  1 19:04:19 2023 India Standard Time elapsed time: 33.380923 seconds (0d 0h 0m 33s)

---------------  T H R E A D  ---------------

Current thread (0x000002eadd6026f0):  VMThread "VM Thread" [stack: 0x000000f51a200000,0x000000f51a300000] [id=13452]

Stack: [0x000000f51a200000,0x000000f51a300000]
Native frames: (J=compiled Java code, j=interpreted, Vv=VM code, C=native code)
V  [jvm.dll+0x672eea]
V  [jvm.dll+0x7d2a04]
V  [jvm.dll+0x7d41ae]
V  [jvm.dll+0x7d4813]
V  [jvm.dll+0x242c15]
V  [jvm.dll+0x66fe09]
V  [jvm.dll+0x664682]
V  [jvm.dll+0x300e8b]
V  [jvm.dll+0x308426]
V  [jvm.dll+0x357ffe]
V  [jvm.dll+0x35822f]
V  [jvm.dll+0x2d80a8]
V  [jvm.dll+0x2d6374]
V  [jvm.dll+0x2d597c]
V  [jvm.dll+0x319711]
V  [jvm.dll+0x7d8ceb]
V  [jvm.dll+0x7d9a24]
V  [jvm.dll+0x7d9f3c]
V  [jvm.dll+0x7da314]
V  [jvm.dll+0x7da3e0]
V  [jvm.dll+0x782b4a]
V  [jvm.dll+0x671d75]
C  [ucrtbase.dll+0x29363]
C  [KERNEL32.DLL+0x1269d]
C  [ntdll.dll+0x5a9f8]

VM_Operation (0x000000f51c0fd960): G1TryInitiateConcMark, mode: safepoint, requested by thread 0x000002eadd66a550


---------------  P R O C E S S  ---------------

Threads class SMR info:
_java_thread_list=0x000002eadfbd4a30, length=30, elements={
0x000002eabf543670, 0x000002eadd605f90, 0x000002eadd606850, 0x000002eadd61ed40,
0x000002eadd61f600, 0x000002eadd61fec0, 0x000002eadd620780, 0x000002eadd621370,
0x000002eadd625170, 0x000002eadd625a70, 0x000002eade09d8b0, 0x000002eade376b20,
0x000002eadf3bd010, 0x000002eadf0b3e10, 0x000002eadf0b42e0, 0x000002eadf948830,
0x000002eadf947020, 0x000002eadf9479c0, 0x000002eadd66a550, 0x000002eadd668870,
0x000002eadd6696e0, 0x000002eadd6683a0, 0x000002eadd669bb0, 0x000002eadd667060,
0x000002eadd66a080, 0x000002eadd66aa20, 0x000002eadd667ed0, 0x000002eadd667530,
0x000002eadd668d40, 0x000002eadd667a00
}

Java Threads: ( => current thread )
  0x000002eabf543670 JavaThread "main" [_thread_blocked, id=20952, stack(0x000000f519c00000,0x000000f519d00000)]
  0x000002eadd605f90 JavaThread "Reference Handler" daemon [_thread_blocked, id=6172, stack(0x000000f51a300000,0x000000f51a400000)]
  0x000002eadd606850 JavaThread "Finalizer" daemon [_thread_blocked, id=10196, stack(0x000000f51a400000,0x000000f51a500000)]
  0x000002eadd61ed40 JavaThread "Signal Dispatcher" daemon [_thread_blocked, id=2408, stack(0x000000f51a500000,0x000000f51a600000)]
  0x000002eadd61f600 JavaThread "Attach Listener" daemon [_thread_blocked, id=16220, stack(0x000000f51a600000,0x000000f51a700000)]
  0x000002eadd61fec0 JavaThread "Service Thread" daemon [_thread_blocked, id=14888, stack(0x000000f51a700000,0x000000f51a800000)]
  0x000002eadd620780 JavaThread "Monitor Deflation Thread" daemon [_thread_blocked, id=18204, stack(0x000000f51a800000,0x000000f51a900000)]
  0x000002eadd621370 JavaThread "C2 CompilerThread0" daemon [_thread_blocked, id=13488, stack(0x000000f51a900000,0x000000f51aa00000)]
  0x000002eadd625170 JavaThread "C1 CompilerThread0" daemon [_thread_blocked, id=17332, stack(0x000000f51aa00000,0x000000f51ab00000)]
  0x000002eadd625a70 JavaThread "Sweeper thread" daemon [_thread_blocked, id=8752, stack(0x000000f51ab00000,0x000000f51ac00000)]
  0x000002eade09d8b0 JavaThread "Common-Cleaner" daemon [_thread_blocked, id=16260, stack(0x000000f51ac00000,0x000000f51ad00000)]
  0x000002eade376b20 JavaThread "Notification Thread" daemon [_thread_blocked, id=1828, stack(0x000000f51ae00000,0x000000f51af00000)]
  0x000002eadf3bd010 JavaThread "surefire-forkedjvm-command-thread" daemon [_thread_in_native, id=3800, stack(0x000000f51b000000,0x000000f51b100000)]
  0x000002eadf0b3e10 JavaThread "surefire-forkedjvm-ping-30s" daemon [_thread_blocked, id=17792, stack(0x000000f51b100000,0x000000f51b200000)]
  0x000002eadf0b42e0 JavaThread "mysql-cj-abandoned-connection-cleanup" daemon [_thread_blocked, id=20908, stack(0x000000f51b900000,0x000000f51ba00000)]
  0x000002eadf948830 JavaThread "HikariPool-1 housekeeper" daemon [_thread_blocked, id=17496, stack(0x000000f51bc00000,0x000000f51bd00000)]
  0x000002eadf947020 JavaThread "ClassGraph-worker-84" daemon [_thread_blocked, id=14028, stack(0x000000f51be00000,0x000000f51bf00000)]
  0x000002eadf9479c0 JavaThread "ClassGraph-worker-85" daemon [_thread_blocked, id=19896, stack(0x000000f51bf00000,0x000000f51c000000)]
  0x000002eadd66a550 JavaThread "ClassGraph-worker-86" daemon [_thread_blocked, id=9672, stack(0x000000f51c000000,0x000000f51c100000)]
  0x000002eadd668870 JavaThread "ClassGraph-worker-87" daemon [_thread_blocked, id=10368, stack(0x000000f51c100000,0x000000f51c200000)]
  0x000002eadd6696e0 JavaThread "ClassGraph-worker-88" daemon [_thread_blocked, id=7344, stack(0x000000f51c200000,0x000000f51c300000)]
  0x000002eadd6683a0 JavaThread "ClassGraph-worker-89" daemon [_thread_blocked, id=21116, stack(0x000000f51c300000,0x000000f51c400000)]
  0x000002eadd669bb0 JavaThread "ClassGraph-worker-90" daemon [_thread_blocked, id=11088, stack(0x000000f51c400000,0x000000f51c500000)]
  0x000002eadd667060 JavaThread "ClassGraph-worker-91" daemon [_thread_blocked, id=3940, stack(0x000000f51c500000,0x000000f51c600000)]
  0x000002eadd66a080 JavaThread "ClassGraph-worker-92" daemon [_thread_blocked, id=19268, stack(0x000000f51c600000,0x000000f51c700000)]
  0x000002eadd66aa20 JavaThread "ClassGraph-worker-93" daemon [_thread_blocked, id=9768, stack(0x000000f51c700000,0x000000f51c800000)]
  0x000002eadd667ed0 JavaThread "ClassGraph-worker-94" daemon [_thread_blocked, id=1116, stack(0x000000f51c800000,0x000000f51c900000)]
  0x000002eadd667530 JavaThread "ClassGraph-worker-95" daemon [_thread_blocked, id=19888, stack(0x000000f51c900000,0x000000f51ca00000)]
  0x000002eadd668d40 JavaThread "ClassGraph-worker-96" daemon [_thread_blocked, id=11128, stack(0x000000f51ca00000,0x000000f51cb00000)]
  0x000002eadd667a00 JavaThread "ClassGraph-worker-97" daemon [_thread_blocked, id=8636, stack(0x000000f51cb00000,0x000000f51cc00000)]

Other Threads:
=>0x000002eadd6026f0 VMThread "VM Thread" [stack: 0x000000f51a200000,0x000000f51a300000] [id=13452]
  0x000002eabf5c8950 WatcherThread [stack: 0x000000f51af00000,0x000000f51b000000] [id=18812]
  0x000002eabf599220 GCTaskThread "GC Thread#0" [stack: 0x000000f519d00000,0x000000f519e00000] [id=6324]
  0x000002eadf0b1620 GCTaskThread "GC Thread#1" [stack: 0x000000f51b200000,0x000000f51b300000] [id=7932]
  0x000002eadea578d0 GCTaskThread "GC Thread#2" [stack: 0x000000f51b300000,0x000000f51b400000] [id=8344]
  0x000002eadf3e8100 GCTaskThread "GC Thread#3" [stack: 0x000000f51b400000,0x000000f51b500000] [id=19064]
  0x000002eadea0d220 GCTaskThread "GC Thread#4" [stack: 0x000000f51b500000,0x000000f51b600000] [id=11952]
  0x000002eadf376c50 GCTaskThread "GC Thread#5" [stack: 0x000000f51b600000,0x000000f51b700000] [id=8160]
  0x000002eadf591a50 GCTaskThread "GC Thread#6" [stack: 0x000000f51b700000,0x000000f51b800000] [id=4832]
  0x000002eadf991570 GCTaskThread "GC Thread#7" [stack: 0x000000f51b800000,0x000000f51b900000] [id=18792]
  0x000002eabf5aad20 ConcurrentGCThread "G1 Main Marker" [stack: 0x000000f519e00000,0x000000f519f00000] [id=8068]
  0x000002eabf5ab540 ConcurrentGCThread "G1 Conc#0" [stack: 0x000000f519f00000,0x000000f51a000000] [id=20912]
  0x000002eadf98fff0 ConcurrentGCThread "G1 Conc#1" [stack: 0x000000f51ba00000,0x000000f51bb00000] [id=10948]
  0x000002eadd4c34d0 ConcurrentGCThread "G1 Refine#0" [stack: 0x000000f51a000000,0x000000f51a100000] [id=12300]
  0x000002eadd4c3ba0 ConcurrentGCThread "G1 Service" [stack: 0x000000f51a100000,0x000000f51a200000] [id=6716]

Threads with active compile tasks:
C2 CompilerThread0    33462 8277 %     4       io.github.classgraph.ClasspathElementZip::scanPaths @ 319 (1539 bytes)

VM state: at safepoint (normal execution)

VM Mutex/Monitor currently owned by a thread:  ([mutex/lock_event])
[0x000002eabf53f650] Threads_lock - owner thread: 0x000002eadd6026f0
[0x000002eabf53ffe0] Heap_lock - owner thread: 0x000002eadd66a550

Heap address: 0x0000000081e00000, size: 2018 MB, Compressed Oops mode: 32-bit

CDS archive(s) mapped at: [0x0000000800000000-0x0000000800bd0000-0x0000000800bd0000), size 12386304, SharedBaseAddress: 0x0000000800000000, ArchiveRelocationMode: 0.
Compressed class space mapped at: 0x0000000800c00000-0x0000000840c00000, reserved size: 1073741824
Narrow klass base: 0x0000000800000000, Narrow klass shift: 0, Narrow klass range: 0x100000000

GC Precious Log:
 CPUs: 8 total, 8 available
 Memory: 8070M
 Large Page Support: Disabled
 NUMA Support: Disabled
 Compressed Oops: Enabled (32-bit)
 Heap Region Size: 1M
 Heap Min Capacity: 8M
 Heap Initial Capacity: 128M
 Heap Max Capacity: 2018M
 Pre-touch: Disabled
 Parallel Workers: 8
 Concurrent Workers: 2
 Concurrent Refinement Workers: 8
 Periodic GC: Disabled

Heap:
 garbage-first heap   total 131072K, used 65236K [0x0000000081e00000, 0x0000000100000000)
  region size 1024K, 5 young (5120K), 5 survivors (5120K)
 Metaspace       used 74072K, committed 74560K, reserved 1122304K
  class space    used 8934K, committed 9152K, reserved 1048576K

Heap Regions: E=young(eden), S=young(survivor), O=old, HS=humongous(starts), HC=humongous(continues), CS=collection set, F=free, OA=open archive, CA=closed archive, TAMS=top-at-mark-start (previous, next)
|   0|0x0000000081e00000, 0x0000000081f00000, 0x0000000081f00000|100%|HS|  |TAMS 0x0000000081f00000, 0x0000000081f00000| Complete 
|   1|0x0000000081f00000, 0x0000000082000000, 0x0000000082000000|100%| O|  |TAMS 0x0000000082000000, 0x0000000082000000| Untracked 
|   2|0x0000000082000000, 0x0000000082100000, 0x0000000082100000|100%| O|  |TAMS 0x0000000082100000, 0x0000000082100000| Untracked 
|   3|0x0000000082100000, 0x0000000082200000, 0x0000000082200000|100%| O|  |TAMS 0x0000000082200000, 0x0000000082200000| Untracked 
|   4|0x0000000082200000, 0x0000000082300000, 0x0000000082300000|100%| O|  |TAMS 0x0000000082300000, 0x0000000082300000| Untracked 
|   5|0x0000000082300000, 0x0000000082400000, 0x0000000082400000|100%| O|  |TAMS 0x0000000082400000, 0x0000000082400000| Untracked 
|   6|0x0000000082400000, 0x0000000082500000, 0x0000000082500000|100%| O|  |TAMS 0x0000000082500000, 0x0000000082500000| Untracked 
|   7|0x0000000082500000, 0x0000000082600000, 0x0000000082600000|100%| O|  |TAMS 0x0000000082600000, 0x0000000082600000| Untracked 
|   8|0x0000000082600000, 0x0000000082700000, 0x0000000082700000|100%| O|  |TAMS 0x0000000082700000, 0x0000000082700000| Untracked 
|   9|0x0000000082700000, 0x0000000082800000, 0x0000000082800000|100%| O|  |TAMS 0x0000000082800000, 0x0000000082800000| Untracked 
|  10|0x0000000082800000, 0x0000000082900000, 0x0000000082900000|100%| O|  |TAMS 0x0000000082900000, 0x0000000082900000| Untracked 
|  11|0x0000000082900000, 0x0000000082a00000, 0x0000000082a00000|100%| O|  |TAMS 0x0000000082a00000, 0x0000000082a00000| Untracked 
|  12|0x0000000082a00000, 0x0000000082b00000, 0x0000000082b00000|100%| O|  |TAMS 0x0000000082b00000, 0x0000000082b00000| Untracked 
|  13|0x0000000082b00000, 0x0000000082c00000, 0x0000000082c00000|100%| O|  |TAMS 0x0000000082c00000, 0x0000000082c00000| Untracked 
|  14|0x0000000082c00000, 0x0000000082c92a00, 0x0000000082d00000| 57%| O|  |TAMS 0x0000000082c92a00, 0x0000000082c92a00| Untracked 
|  15|0x0000000082d00000, 0x0000000082e00000, 0x0000000082e00000|100%| O|  |TAMS 0x0000000082e00000, 0x0000000082e00000| Untracked 
|  16|0x0000000082e00000, 0x0000000082f00000, 0x0000000082f00000|100%| O|  |TAMS 0x0000000082f00000, 0x0000000082f00000| Untracked 
|  17|0x0000000082f00000, 0x0000000083000000, 0x0000000083000000|100%| O|  |TAMS 0x0000000083000000, 0x0000000083000000| Untracked 
|  18|0x0000000083000000, 0x0000000083100000, 0x0000000083100000|100%| O|  |TAMS 0x0000000083100000, 0x0000000083100000| Untracked 
|  19|0x0000000083100000, 0x0000000083200000, 0x0000000083200000|100%| O|  |TAMS 0x0000000083200000, 0x0000000083200000| Untracked 
|  20|0x0000000083200000, 0x0000000083300000, 0x0000000083300000|100%| O|  |TAMS 0x0000000083300000, 0x0000000083300000| Untracked 
|  21|0x0000000083300000, 0x0000000083400000, 0x0000000083400000|100%| O|  |TAMS 0x00000000833e0600, 0x0000000083400000| Untracked 
|  22|0x0000000083400000, 0x0000000083500000, 0x0000000083500000|100%| O|  |TAMS 0x0000000083400000, 0x0000000083500000| Untracked 
|  23|0x0000000083500000, 0x00000000835a2600, 0x0000000083600000| 63%| O|  |TAMS 0x0000000083500000, 0x00000000835a2600| Untracked 
|  24|0x0000000083600000, 0x0000000083700000, 0x0000000083700000|100%| O|  |TAMS 0x0000000083600000, 0x0000000083700000| Untracked 
|  25|0x0000000083700000, 0x0000000083800000, 0x0000000083800000|100%| O|  |TAMS 0x0000000083700000, 0x0000000083800000| Untracked 
|  26|0x0000000083800000, 0x0000000083900000, 0x0000000083900000|100%| O|  |TAMS 0x0000000083800000, 0x0000000083900000| Untracked 
|  27|0x0000000083900000, 0x0000000083a00000, 0x0000000083a00000|100%| O|  |TAMS 0x0000000083900000, 0x0000000083900000| Untracked 
|  28|0x0000000083a00000, 0x0000000083b00000, 0x0000000083b00000|100%| O|  |TAMS 0x0000000083a00000, 0x0000000083b00000| Untracked 
|  29|0x0000000083b00000, 0x0000000083c00000, 0x0000000083c00000|100%| O|  |TAMS 0x0000000083b00000, 0x0000000083c00000| Untracked 
|  30|0x0000000083c00000, 0x0000000083d00000, 0x0000000083d00000|100%| O|  |TAMS 0x0000000083c00000, 0x0000000083d00000| Untracked 
|  31|0x0000000083d00000, 0x0000000083e00000, 0x0000000083e00000|100%| O|  |TAMS 0x0000000083d00000, 0x0000000083e00000| Untracked 
|  32|0x0000000083e00000, 0x0000000083f00000, 0x0000000083f00000|100%| O|  |TAMS 0x0000000083e00000, 0x0000000083f00000| Untracked 
|  33|0x0000000083f00000, 0x0000000084000000, 0x0000000084000000|100%| O|  |TAMS 0x0000000083f00000, 0x0000000084000000| Untracked 
|  34|0x0000000084000000, 0x0000000084100000, 0x0000000084100000|100%| O|  |TAMS 0x0000000084000000, 0x0000000084100000| Untracked 
|  35|0x0000000084100000, 0x0000000084200000, 0x0000000084200000|100%| O|  |TAMS 0x0000000084100000, 0x0000000084200000| Untracked 
|  36|0x0000000084200000, 0x0000000084300000, 0x0000000084300000|100%| O|  |TAMS 0x0000000084200000, 0x0000000084300000| Untracked 
|  37|0x0000000084300000, 0x0000000084400000, 0x0000000084400000|100%| O|  |TAMS 0x0000000084300000, 0x0000000084400000| Untracked 
|  38|0x0000000084400000, 0x0000000084500000, 0x0000000084500000|100%| O|  |TAMS 0x0000000084400000, 0x0000000084500000| Untracked 
|  39|0x0000000084500000, 0x0000000084600000, 0x0000000084600000|100%| O|  |TAMS 0x0000000084500000, 0x0000000084600000| Untracked 
|  40|0x0000000084600000, 0x0000000084700000, 0x0000000084700000|100%| O|  |TAMS 0x0000000084600000, 0x0000000084700000| Untracked 
|  41|0x0000000084700000, 0x0000000084800000, 0x0000000084800000|100%| O|  |TAMS 0x0000000084700000, 0x0000000084800000| Untracked 
|  42|0x0000000084800000, 0x0000000084900000, 0x0000000084900000|100%| O|  |TAMS 0x0000000084800000, 0x0000000084900000| Untracked 
|  43|0x0000000084900000, 0x0000000084a00000, 0x0000000084a00000|100%| O|  |TAMS 0x0000000084900000, 0x0000000084a00000| Untracked 
|  44|0x0000000084a00000, 0x0000000084b00000, 0x0000000084b00000|100%| O|  |TAMS 0x0000000084a00000, 0x0000000084b00000| Untracked 
|  45|0x0000000084b00000, 0x0000000084c00000, 0x0000000084c00000|100%| O|  |TAMS 0x0000000084b00000, 0x0000000084c00000| Untracked 
|  46|0x0000000084c00000, 0x0000000084d00000, 0x0000000084d00000|100%| O|  |TAMS 0x0000000084c00000, 0x0000000084d00000| Untracked 
|  47|0x0000000084d00000, 0x0000000084e00000, 0x0000000084e00000|100%| O|  |TAMS 0x0000000084d00000, 0x0000000084e00000| Untracked 
|  48|0x0000000084e00000, 0x0000000084f00000, 0x0000000084f00000|100%| O|  |TAMS 0x0000000084e00000, 0x0000000084f00000| Untracked 
|  49|0x0000000084f00000, 0x0000000085000000, 0x0000000085000000|100%| O|  |TAMS 0x0000000084f00000, 0x0000000085000000| Untracked 
|  50|0x0000000085000000, 0x0000000085100000, 0x0000000085100000|100%| O|  |TAMS 0x0000000085000000, 0x0000000085100000| Untracked 
|  51|0x0000000085100000, 0x0000000085200000, 0x0000000085200000|100%| O|  |TAMS 0x0000000085100000, 0x0000000085200000| Untracked 
|  52|0x0000000085200000, 0x0000000085300000, 0x0000000085300000|100%| O|  |TAMS 0x0000000085200000, 0x0000000085300000| Untracked 
|  53|0x0000000085300000, 0x0000000085400000, 0x0000000085400000|100%| O|  |TAMS 0x0000000085300000, 0x0000000085400000| Untracked 
|  54|0x0000000085400000, 0x0000000085500000, 0x0000000085500000|100%| O|  |TAMS 0x0000000085400000, 0x0000000085500000| Untracked 
|  55|0x0000000085500000, 0x0000000085600000, 0x0000000085600000|100%| O|  |TAMS 0x0000000085500000, 0x0000000085500000| Untracked 
|  56|0x0000000085600000, 0x0000000085700000, 0x0000000085700000|100%| O|  |TAMS 0x0000000085600000, 0x0000000085600000| Untracked 
|  57|0x0000000085700000, 0x0000000085800000, 0x0000000085800000|100%| O|  |TAMS 0x0000000085700000, 0x0000000085700000| Untracked 
|  58|0x0000000085800000, 0x0000000085900000, 0x0000000085900000|100%| O|  |TAMS 0x0000000085800000, 0x0000000085800000| Untracked 
|  59|0x0000000085900000, 0x0000000085a00000, 0x0000000085a00000|100%| O|  |TAMS 0x0000000085900000, 0x0000000085900000| Untracked 
|  60|0x0000000085a00000, 0x0000000085a00000, 0x0000000085b00000|  0%| F|  |TAMS 0x0000000085a00000, 0x0000000085a00000| Untracked 
|  61|0x0000000085b00000, 0x0000000085b00000, 0x0000000085c00000|  0%| F|  |TAMS 0x0000000085b00000, 0x0000000085b00000| Untracked 
|  62|0x0000000085c00000, 0x0000000085c00000, 0x0000000085d00000|  0%| F|  |TAMS 0x0000000085c00000, 0x0000000085c00000| Untracked 
|  63|0x0000000085d00000, 0x0000000085d00000, 0x0000000085e00000|  0%| F|  |TAMS 0x0000000085d00000, 0x0000000085d00000| Untracked 
|  64|0x0000000085e00000, 0x0000000085e00000, 0x0000000085f00000|  0%| F|  |TAMS 0x0000000085e00000, 0x0000000085e00000| Untracked 
|  65|0x0000000085f00000, 0x0000000085f00000, 0x0000000086000000|  0%| F|  |TAMS 0x0000000085f00000, 0x0000000085f00000| Untracked 
|  66|0x0000000086000000, 0x0000000086000000, 0x0000000086100000|  0%| F|  |TAMS 0x0000000086000000, 0x0000000086000000| Untracked 
|  67|0x0000000086100000, 0x0000000086100000, 0x0000000086200000|  0%| F|  |TAMS 0x0000000086100000, 0x0000000086100000| Untracked 
|  68|0x0000000086200000, 0x0000000086200000, 0x0000000086300000|  0%| F|  |TAMS 0x0000000086200000, 0x0000000086200000| Untracked 
|  69|0x0000000086300000, 0x0000000086300000, 0x0000000086400000|  0%| F|  |TAMS 0x0000000086300000, 0x0000000086300000| Untracked 
|  70|0x0000000086400000, 0x0000000086400000, 0x0000000086500000|  0%| F|  |TAMS 0x0000000086400000, 0x0000000086400000| Untracked 
|  71|0x0000000086500000, 0x0000000086500000, 0x0000000086600000|  0%| F|  |TAMS 0x0000000086500000, 0x0000000086500000| Untracked 
|  72|0x0000000086600000, 0x0000000086600000, 0x0000000086700000|  0%| F|  |TAMS 0x0000000086600000, 0x0000000086600000| Untracked 
|  73|0x0000000086700000, 0x0000000086700000, 0x0000000086800000|  0%| F|  |TAMS 0x0000000086700000, 0x0000000086700000| Untracked 
|  74|0x0000000086800000, 0x0000000086800000, 0x0000000086900000|  0%| F|  |TAMS 0x0000000086800000, 0x0000000086800000| Untracked 
|  75|0x0000000086900000, 0x0000000086900000, 0x0000000086a00000|  0%| F|  |TAMS 0x0000000086900000, 0x0000000086900000| Untracked 
|  76|0x0000000086a00000, 0x0000000086a00000, 0x0000000086b00000|  0%| F|  |TAMS 0x0000000086a00000, 0x0000000086a00000| Untracked 
|  77|0x0000000086b00000, 0x0000000086b00000, 0x0000000086c00000|  0%| F|  |TAMS 0x0000000086b00000, 0x0000000086b00000| Untracked 
|  78|0x0000000086c00000, 0x0000000086c00000, 0x0000000086d00000|  0%| F|  |TAMS 0x0000000086c00000, 0x0000000086c00000| Untracked 
|  79|0x0000000086d00000, 0x0000000086d00000, 0x0000000086e00000|  0%| F|  |TAMS 0x0000000086d00000, 0x0000000086d00000| Untracked 
|  80|0x0000000086e00000, 0x0000000086e00000, 0x0000000086f00000|  0%| F|  |TAMS 0x0000000086e00000, 0x0000000086e00000| Untracked 
|  81|0x0000000086f00000, 0x0000000086f00000, 0x0000000087000000|  0%| F|  |TAMS 0x0000000086f00000, 0x0000000086f00000| Untracked 
|  82|0x0000000087000000, 0x0000000087000000, 0x0000000087100000|  0%| F|  |TAMS 0x0000000087000000, 0x0000000087000000| Untracked 
|  83|0x0000000087100000, 0x0000000087100000, 0x0000000087200000|  0%| F|  |TAMS 0x0000000087100000, 0x0000000087100000| Untracked 
|  84|0x0000000087200000, 0x0000000087200000, 0x0000000087300000|  0%| F|  |TAMS 0x0000000087200000, 0x0000000087200000| Untracked 
|  85|0x0000000087300000, 0x0000000087300000, 0x0000000087400000|  0%| F|  |TAMS 0x0000000087300000, 0x0000000087300000| Untracked 
|  86|0x0000000087400000, 0x0000000087400000, 0x0000000087500000|  0%| F|  |TAMS 0x0000000087400000, 0x0000000087400000| Untracked 
|  87|0x0000000087500000, 0x0000000087500000, 0x0000000087600000|  0%| F|  |TAMS 0x0000000087500000, 0x0000000087500000| Untracked 
|  88|0x0000000087600000, 0x0000000087600000, 0x0000000087700000|  0%| F|  |TAMS 0x0000000087600000, 0x0000000087600000| Untracked 
|  89|0x0000000087700000, 0x0000000087700000, 0x0000000087800000|  0%| F|  |TAMS 0x0000000087700000, 0x0000000087700000| Untracked 
|  90|0x0000000087800000, 0x0000000087800000, 0x0000000087900000|  0%| F|  |TAMS 0x0000000087800000, 0x0000000087800000| Untracked 
|  91|0x0000000087900000, 0x0000000087900000, 0x0000000087a00000|  0%| F|  |TAMS 0x0000000087900000, 0x0000000087900000| Untracked 
|  92|0x0000000087a00000, 0x0000000087a00000, 0x0000000087b00000|  0%| F|  |TAMS 0x0000000087a00000, 0x0000000087a00000| Untracked 
|  93|0x0000000087b00000, 0x0000000087b00000, 0x0000000087c00000|  0%| F|  |TAMS 0x0000000087b00000, 0x0000000087b00000| Untracked 
|  94|0x0000000087c00000, 0x0000000087c00000, 0x0000000087d00000|  0%| F|  |TAMS 0x0000000087c00000, 0x0000000087c00000| Untracked 
|  95|0x0000000087d00000, 0x0000000087d00000, 0x0000000087e00000|  0%| F|  |TAMS 0x0000000087d00000, 0x0000000087d00000| Untracked 
|  96|0x0000000087e00000, 0x0000000087e00000, 0x0000000087f00000|  0%| F|  |TAMS 0x0000000087e00000, 0x0000000087e00000| Untracked 
|  97|0x0000000087f00000, 0x0000000087f00000, 0x0000000088000000|  0%| F|  |TAMS 0x0000000087f00000, 0x0000000087f00000| Untracked 
|  98|0x0000000088000000, 0x0000000088000000, 0x0000000088100000|  0%| F|  |TAMS 0x0000000088000000, 0x0000000088000000| Untracked 
|  99|0x0000000088100000, 0x0000000088100000, 0x0000000088200000|  0%| F|  |TAMS 0x0000000088100000, 0x0000000088100000| Untracked 
| 100|0x0000000088200000, 0x0000000088280000, 0x0000000088300000| 50%| S|CS|TAMS 0x0000000088200000, 0x0000000088200000| Complete 
| 101|0x0000000088300000, 0x0000000088400000, 0x0000000088400000|100%| S|CS|TAMS 0x0000000088300000, 0x0000000088300000| Complete 
| 102|0x0000000088400000, 0x0000000088500000, 0x0000000088500000|100%| S|CS|TAMS 0x0000000088400000, 0x0000000088400000| Complete 
| 103|0x0000000088500000, 0x0000000088600000, 0x0000000088600000|100%| S|CS|TAMS 0x0000000088500000, 0x0000000088500000| Complete 
| 104|0x0000000088600000, 0x0000000088700000, 0x0000000088700000|100%| S|CS|TAMS 0x0000000088600000, 0x0000000088600000| Complete 
| 105|0x0000000088700000, 0x0000000088700000, 0x0000000088800000|  0%| F|  |TAMS 0x0000000088700000, 0x0000000088700000| Untracked 
| 106|0x0000000088800000, 0x0000000088800000, 0x0000000088900000|  0%| F|  |TAMS 0x0000000088800000, 0x0000000088800000| Untracked 
| 107|0x0000000088900000, 0x0000000088900000, 0x0000000088a00000|  0%| F|  |TAMS 0x0000000088900000, 0x0000000088900000| Untracked 
| 108|0x0000000088a00000, 0x0000000088a00000, 0x0000000088b00000|  0%| F|  |TAMS 0x0000000088a00000, 0x0000000088a00000| Untracked 
| 109|0x0000000088b00000, 0x0000000088b00000, 0x0000000088c00000|  0%| F|  |TAMS 0x0000000088b00000, 0x0000000088b00000| Untracked 
| 110|0x0000000088c00000, 0x0000000088c00000, 0x0000000088d00000|  0%| F|  |TAMS 0x0000000088c00000, 0x0000000088c00000| Untracked 
| 111|0x0000000088d00000, 0x0000000088d00000, 0x0000000088e00000|  0%| F|  |TAMS 0x0000000088d00000, 0x0000000088d00000| Untracked 
| 112|0x0000000088e00000, 0x0000000088e00000, 0x0000000088f00000|  0%| F|  |TAMS 0x0000000088e00000, 0x0000000088e00000| Untracked 
| 113|0x0000000088f00000, 0x0000000088f00000, 0x0000000089000000|  0%| F|  |TAMS 0x0000000088f00000, 0x0000000088f00000| Untracked 
| 114|0x0000000089000000, 0x0000000089000000, 0x0000000089100000|  0%| F|  |TAMS 0x0000000089000000, 0x0000000089000000| Untracked 
| 115|0x0000000089100000, 0x0000000089100000, 0x0000000089200000|  0%| F|  |TAMS 0x0000000089100000, 0x0000000089100000| Untracked 
| 116|0x0000000089200000, 0x0000000089200000, 0x0000000089300000|  0%| F|  |TAMS 0x0000000089200000, 0x0000000089200000| Untracked 
| 117|0x0000000089300000, 0x0000000089300000, 0x0000000089400000|  0%| F|  |TAMS 0x0000000089300000, 0x0000000089300000| Untracked 
| 118|0x0000000089400000, 0x0000000089400000, 0x0000000089500000|  0%| F|  |TAMS 0x0000000089400000, 0x0000000089400000| Untracked 
| 119|0x0000000089500000, 0x0000000089500000, 0x0000000089600000|  0%| F|  |TAMS 0x0000000089500000, 0x0000000089500000| Untracked 
| 120|0x0000000089600000, 0x0000000089600000, 0x0000000089700000|  0%| F|  |TAMS 0x0000000089600000, 0x0000000089600000| Untracked 
| 121|0x0000000089700000, 0x0000000089700000, 0x0000000089800000|  0%| F|  |TAMS 0x0000000089700000, 0x0000000089700000| Untracked 
| 122|0x0000000089800000, 0x0000000089800000, 0x0000000089900000|  0%| F|  |TAMS 0x0000000089800000, 0x0000000089800000| Untracked 
| 123|0x0000000089900000, 0x0000000089900000, 0x0000000089a00000|  0%| F|  |TAMS 0x0000000089900000, 0x0000000089900000| Untracked 
| 124|0x0000000089a00000, 0x0000000089a00000, 0x0000000089b00000|  0%| F|  |TAMS 0x0000000089a00000, 0x0000000089a00000| Untracked 
| 125|0x0000000089b00000, 0x0000000089b00000, 0x0000000089c00000|  0%| F|  |TAMS 0x0000000089b00000, 0x0000000089b00000| Untracked 
| 126|0x0000000089c00000, 0x0000000089c00000, 0x0000000089d00000|  0%| F|  |TAMS 0x0000000089c00000, 0x0000000089c00000| Untracked 
| 127|0x0000000089d00000, 0x0000000089d00000, 0x0000000089e00000|  0%| F|  |TAMS 0x0000000089d00000, 0x0000000089d00000| Untracked 

Card table byte_map: [0x000002ead64f0000,0x000002ead68f0000] _byte_map_base: 0x000002ead60e1000

Marking Bits (Prev, Next): (CMBitMap*) 0x000002eabf599680, (CMBitMap*) 0x000002eabf599640
 Prev Bits: [0x000002ead8c80000, 0x000002eadac08000)
 Next Bits: [0x000002ead6cf0000, 0x000002ead8c78000)

Polling page: 0x000002eabd4e0000

Metaspace:

Usage:
  Non-class:     63.61 MB used.
      Class:      8.73 MB used.
       Both:     72.34 MB used.

Virtual space:
  Non-class space:       72.00 MB reserved,      63.88 MB ( 89%) committed,  9 nodes.
      Class space:        1.00 GB reserved,       8.94 MB ( <1%) committed,  1 nodes.
             Both:        1.07 GB reserved,      72.81 MB (  7%) committed. 

Chunk freelists:
   Non-Class:  3.62 MB
       Class:  3.11 MB
        Both:  6.73 MB

MaxMetaspaceSize: unlimited
CompressedClassSpaceSize: 1.00 GB
Initial GC threshold: 21.00 MB
Current GC threshold: 98.44 MB
CDS: on
MetaspaceReclaimPolicy: balanced
 - commit_granule_bytes: 65536.
 - commit_granule_words: 8192.
 - virtual_space_node_default_size: 1048576.
 - enlarge_chunks_in_place: 1.
 - new_chunks_are_fully_committed: 0.
 - uncommit_free_chunks: 1.
 - use_allocation_guard: 0.
 - handle_deallocations: 1.


Internal statistics:

num_allocs_failed_limit: 9.
num_arena_births: 588.
num_arena_deaths: 0.
num_vsnodes_births: 10.
num_vsnodes_deaths: 0.
num_space_committed: 1165.
num_space_uncommitted: 0.
num_chunks_returned_to_freelist: 9.
num_chunks_taken_from_freelist: 3112.
num_chunk_merges: 9.
num_chunk_splits: 2350.
num_chunks_enlarged: 1921.
num_purges: 0.
num_inconsistent_stats: 0.

CodeHeap 'non-profiled nmethods': size=120000Kb used=4052Kb max_used=4218Kb free=115947Kb
 bounds [0x000002eace880000, 0x000002eaceca0000, 0x000002ead5db0000]
CodeHeap 'profiled nmethods': size=120000Kb used=12717Kb max_used=12717Kb free=107282Kb
 bounds [0x000002eac7350000, 0x000002eac7fc0000, 0x000002eace880000]
CodeHeap 'non-nmethods': size=5760Kb used=1328Kb max_used=1408Kb free=4432Kb
 bounds [0x000002eac6db0000, 0x000002eac7020000, 0x000002eac7350000]
 total_blobs=7022 nmethods=6367 adapters=567
 compilation: enabled
              stopped_count=0, restarted_count=0
 full_count=0

Compilation events (20 events):
Event: 32.937 Thread 0x000002eadd625170 8308       2       org.apache.maven.surefire.booter.PpidChecker::$jacocoInit (53 bytes)
Event: 32.938 Thread 0x000002eadd625170 nmethod 8308 0x000002eac7fb9810 code [0x000002eac7fb99e0, 0x000002eac7fb9f38]
Event: 32.989 Thread 0x000002eadd625170 8309       2       java.lang.Exception::<init> (5 bytes)
Event: 32.989 Thread 0x000002eadd625170 nmethod 8309 0x000002eac7fba110 code [0x000002eac7fba2c0, 0x000002eac7fba528]
Event: 32.989 Thread 0x000002eadd625170 8310       2       java.lang.Throwable::<init> (29 bytes)
Event: 32.990 Thread 0x000002eadd625170 nmethod 8310 0x000002eac7fba610 code [0x000002eac7fba7c0, 0x000002eac7fbaa28]
Event: 32.991 Thread 0x000002eadd625170 8311       2       java.lang.ThreadLocal::setInitialValue (50 bytes)
Event: 32.992 Thread 0x000002eadd625170 nmethod 8311 0x000002eac7fbab10 code [0x000002eac7fbad00, 0x000002eac7fbb018]
Event: 32.993 Thread 0x000002eadd625170 8312       2       java.nio.file.Files::isReadable (15 bytes)
Event: 32.993 Thread 0x000002eadd625170 nmethod 8312 0x000002eac7fbb210 code [0x000002eac7fbb3c0, 0x000002eac7fbb6b8]
Event: 32.998 Thread 0x000002eadd625170 8313       2       jdk.internal.misc.Unsafe::allocateMemory (65 bytes)
Event: 33.000 Thread 0x000002eadd625170 nmethod 8313 0x000002eac7fbb890 code [0x000002eac7fbbac0, 0x000002eac7fbbfd8]
Event: 33.000 Thread 0x000002eadd625170 8314       2       jdk.internal.misc.Unsafe::alignToHeapWordSize (29 bytes)
Event: 33.000 Thread 0x000002eadd625170 nmethod 8314 0x000002eac7fbc290 code [0x000002eac7fbc440, 0x000002eac7fbc648]
Event: 33.000 Thread 0x000002eadd625170 8315       2       jdk.internal.misc.Unsafe::allocateMemoryChecks (6 bytes)
Event: 33.001 Thread 0x000002eadd625170 nmethod 8315 0x000002eac7fbc710 code [0x000002eac7fbc8c0, 0x000002eac7fbca88]
Event: 33.010 Thread 0x000002eadd625170 8316   !   2       sun.nio.fs.WindowsUriSupport::toUri (48 bytes)
Event: 33.013 Thread 0x000002eadd625170 nmethod 8316 0x000002eac7fbcb90 code [0x000002eac7fbcd60, 0x000002eac7fbd008]
Event: 33.018 Thread 0x000002eadd625170 8319       2       nonapi.io.github.classgraph.utils.FastPathResolver::resolve (16 bytes)
Event: 33.019 Thread 0x000002eadd625170 nmethod 8319 0x000002eac7fbd310 code [0x000002eac7fbd4c0, 0x000002eac7fbd638]

GC Heap History (20 events):
Event: 22.972 GC heap after
{Heap after GC invocations=23 (full 0):
 garbage-first heap   total 109568K, used 27330K [0x0000000081e00000, 0x0000000100000000)
  region size 1024K, 6 young (6144K), 6 survivors (6144K)
 Metaspace       used 58100K, committed 58496K, reserved 1105920K
  class space    used 6987K, committed 7168K, reserved 1048576K
}
Event: 23.582 GC heap before
{Heap before GC invocations=23 (full 0):
 garbage-first heap   total 109568K, used 49858K [0x0000000081e00000, 0x0000000100000000)
  region size 1024K, 29 young (29696K), 6 survivors (6144K)
 Metaspace       used 59908K, committed 60288K, reserved 1105920K
  class space    used 7245K, committed 7424K, reserved 1048576K
}
Event: 23.600 GC heap after
{Heap after GC invocations=24 (full 0):
 garbage-first heap   total 109568K, used 26700K [0x0000000081e00000, 0x0000000100000000)
  region size 1024K, 3 young (3072K), 3 survivors (3072K)
 Metaspace       used 59908K, committed 60288K, reserved 1105920K
  class space    used 7245K, committed 7424K, reserved 1048576K
}
Event: 25.312 GC heap before
{Heap before GC invocations=25 (full 0):
 garbage-first heap   total 99328K, used 83020K [0x0000000081e00000, 0x0000000100000000)
  region size 1024K, 58 young (59392K), 3 survivors (3072K)
 Metaspace       used 62704K, committed 63104K, reserved 1105920K
  class space    used 7688K, committed 7872K, reserved 1048576K
}
Event: 25.321 GC heap after
{Heap after GC invocations=26 (full 0):
 garbage-first heap   total 99328K, used 26836K [0x0000000081e00000, 0x0000000100000000)
  region size 1024K, 3 young (3072K), 3 survivors (3072K)
 Metaspace       used 62704K, committed 63104K, reserved 1105920K
  class space    used 7688K, committed 7872K, reserved 1048576K
}
Event: 26.236 GC heap before
{Heap before GC invocations=26 (full 0):
 garbage-first heap   total 99328K, used 83156K [0x0000000081e00000, 0x0000000100000000)
  region size 1024K, 58 young (59392K), 3 survivors (3072K)
 Metaspace       used 65512K, committed 65920K, reserved 1114112K
  class space    used 7983K, committed 8192K, reserved 1048576K
}
Event: 26.253 GC heap after
{Heap after GC invocations=27 (full 0):
 garbage-first heap   total 99328K, used 28133K [0x0000000081e00000, 0x0000000100000000)
  region size 1024K, 5 young (5120K), 5 survivors (5120K)
 Metaspace       used 65512K, committed 65920K, reserved 1114112K
  class space    used 7983K, committed 8192K, reserved 1048576K
}
Event: 27.499 GC heap before
{Heap before GC invocations=27 (full 0):
 garbage-first heap   total 99328K, used 82405K [0x0000000081e00000, 0x0000000100000000)
  region size 1024K, 58 young (59392K), 5 survivors (5120K)
 Metaspace       used 68095K, committed 68480K, reserved 1114112K
  class space    used 8324K, committed 8512K, reserved 1048576K
}
Event: 27.520 GC heap after
{Heap after GC invocations=28 (full 0):
 garbage-first heap   total 99328K, used 28884K [0x0000000081e00000, 0x0000000100000000)
  region size 1024K, 5 young (5120K), 5 survivors (5120K)
 Metaspace       used 68095K, committed 68480K, reserved 1114112K
  class space    used 8324K, committed 8512K, reserved 1048576K
}
Event: 28.789 GC heap before
{Heap before GC invocations=28 (full 0):
 garbage-first heap   total 99328K, used 83156K [0x0000000081e00000, 0x0000000100000000)
  region size 1024K, 58 young (59392K), 5 survivors (5120K)
 Metaspace       used 70214K, committed 70656K, reserved 1114112K
  class space    used 8547K, committed 8768K, reserved 1048576K
}
Event: 28.815 GC heap after
{Heap after GC invocations=29 (full 0):
 garbage-first heap   total 99328K, used 30321K [0x0000000081e00000, 0x0000000100000000)
  region size 1024K, 5 young (5120K), 5 survivors (5120K)
 Metaspace       used 70214K, committed 70656K, reserved 1114112K
  class space    used 8547K, committed 8768K, reserved 1048576K
}
Event: 30.203 GC heap before
{Heap before GC invocations=29 (full 0):
 garbage-first heap   total 99328K, used 82545K [0x0000000081e00000, 0x0000000100000000)
  region size 1024K, 56 young (57344K), 5 survivors (5120K)
 Metaspace       used 72409K, committed 72832K, reserved 1114112K
  class space    used 8816K, committed 9024K, reserved 1048576K
}
Event: 30.239 GC heap after
{Heap after GC invocations=30 (full 0):
 garbage-first heap   total 119808K, used 31547K [0x0000000081e00000, 0x0000000100000000)
  region size 1024K, 5 young (5120K), 5 survivors (5120K)
 Metaspace       used 72409K, committed 72832K, reserved 1114112K
  class space    used 8816K, committed 9024K, reserved 1048576K
}
Event: 31.280 GC heap before
{Heap before GC invocations=30 (full 0):
 garbage-first heap   total 119808K, used 98107K [0x0000000081e00000, 0x0000000100000000)
  region size 1024K, 70 young (71680K), 5 survivors (5120K)
 Metaspace       used 73721K, committed 74176K, reserved 1122304K
  class space    used 8921K, committed 9088K, reserved 1048576K
}
Event: 31.324 GC heap after
{Heap after GC invocations=31 (full 0):
 garbage-first heap   total 119808K, used 40141K [0x0000000081e00000, 0x0000000100000000)
  region size 1024K, 9 young (9216K), 9 survivors (9216K)
 Metaspace       used 73721K, committed 74176K, reserved 1122304K
  class space    used 8921K, committed 9088K, reserved 1048576K
}
Event: 32.020 GC heap before
{Heap before GC invocations=31 (full 0):
 garbage-first heap   total 119808K, used 94413K [0x0000000081e00000, 0x0000000100000000)
  region size 1024K, 62 young (63488K), 9 survivors (9216K)
 Metaspace       used 73929K, committed 74368K, reserved 1122304K
  class space    used 8933K, committed 9152K, reserved 1048576K
}
Event: 32.100 GC heap after
{Heap after GC invocations=32 (full 0):
 garbage-first heap   total 119808K, used 53460K [0x0000000081e00000, 0x0000000100000000)
  region size 1024K, 8 young (8192K), 8 survivors (8192K)
 Metaspace       used 73929K, committed 74368K, reserved 1122304K
  class space    used 8933K, committed 9152K, reserved 1048576K
}
Event: 32.617 GC heap before
{Heap before GC invocations=32 (full 0):
 garbage-first heap   total 119808K, used 90324K [0x0000000081e00000, 0x0000000100000000)
  region size 1024K, 44 young (45056K), 8 survivors (8192K)
 Metaspace       used 74028K, committed 74496K, reserved 1122304K
  class space    used 8933K, committed 9152K, reserved 1048576K
}
Event: 32.674 GC heap after
{Heap after GC invocations=33 (full 0):
 garbage-first heap   total 119808K, used 60628K [0x0000000081e00000, 0x0000000100000000)
  region size 1024K, 6 young (6144K), 6 survivors (6144K)
 Metaspace       used 74028K, committed 74496K, reserved 1122304K
  class space    used 8933K, committed 9152K, reserved 1048576K
}
Event: 33.048 GC heap before
{Heap before GC invocations=33 (full 0):
 garbage-first heap   total 119808K, used 71892K [0x0000000081e00000, 0x0000000100000000)
  region size 1024K, 18 young (18432K), 6 survivors (6144K)
 Metaspace       used 74072K, committed 74560K, reserved 1122304K
  class space    used 8934K, committed 9152K, reserved 1048576K
}

Deoptimization events (20 events):
Event: 31.382 Thread 0x000002eadf947020 DEOPT PACKING pc=0x000002eac787f86c sp=0x000000f51befe700
Event: 31.382 Thread 0x000002eadf947020 DEOPT UNPACKING pc=0x000002eac6e02b43 sp=0x000000f51befdbf8 mode 0
Event: 31.383 Thread 0x000002eadf947020 DEOPT PACKING pc=0x000002eac7b93138 sp=0x000000f51befe7f0
Event: 31.383 Thread 0x000002eadf947020 DEOPT UNPACKING pc=0x000002eac6e02b43 sp=0x000000f51befdd08 mode 0
Event: 31.405 Thread 0x000002eabf543670 DEOPT PACKING pc=0x000002eac7e30825 sp=0x000000f519cf4000
Event: 31.405 Thread 0x000002eabf543670 DEOPT UNPACKING pc=0x000002eac6e02b43 sp=0x000000f519cf34b0 mode 0
Event: 31.437 Thread 0x000002eadd6683a0 Uncommon trap: trap_request=0xffffff45 fr.pc=0x000002eacec80450 relative=0x0000000000000a10
Event: 31.437 Thread 0x000002eadd6683a0 Uncommon trap: reason=unstable_if action=reinterpret pc=0x000002eacec80450 method=java.util.WeakHashMap.put(Ljava/lang/Object;Ljava/lang/Object;)Ljava/lang/Object; @ 70 c2
Event: 31.437 Thread 0x000002eadd6683a0 DEOPT PACKING pc=0x000002eacec80450 sp=0x000000f51befed60
Event: 31.437 Thread 0x000002eadd6683a0 DEOPT UNPACKING pc=0x000002eac6e023a3 sp=0x000000f51befed20 mode 2
Event: 31.513 Thread 0x000002eabf543670 DEOPT PACKING pc=0x000002eac73e7089 sp=0x000000f519cf7340
Event: 31.513 Thread 0x000002eabf543670 DEOPT UNPACKING pc=0x000002eac6e02b43 sp=0x000000f519cf68a0 mode 0
Event: 31.524 Thread 0x000002eabf543670 DEOPT PACKING pc=0x000002eac7677e65 sp=0x000000f519cf7420
Event: 31.524 Thread 0x000002eabf543670 DEOPT UNPACKING pc=0x000002eac6e02b43 sp=0x000000f519cf6930 mode 0
Event: 31.753 Thread 0x000002eadd667a00 DEOPT PACKING pc=0x000002eac7eb22e1 sp=0x000000f51c7fde10
Event: 31.753 Thread 0x000002eadd667a00 DEOPT UNPACKING pc=0x000002eac6e02b43 sp=0x000000f51c7fd610 mode 0
Event: 32.511 Thread 0x000002eadd667060 DEOPT PACKING pc=0x000002eac7376840 sp=0x000000f51c9ff100
Event: 32.511 Thread 0x000002eadd667060 DEOPT UNPACKING pc=0x000002eac6e02b43 sp=0x000000f51c9fe610 mode 0
Event: 32.760 Thread 0x000002eadf9479c0 DEOPT PACKING pc=0x000002eac75efaa5 sp=0x000000f51befebd0
Event: 32.760 Thread 0x000002eadf9479c0 DEOPT UNPACKING pc=0x000002eac6e02b43 sp=0x000000f51befe140 mode 0

Classes unloaded (0 events):
No events

Classes redefined (0 events):
No events

Internal exceptions (20 events):
Event: 32.992 Thread 0x000002eadf9479c0 Exception <a 'sun/nio/fs/WindowsException'{0x0000000088814540}> (0x0000000088814540) 
thrown [s\open\src\hotspot\share\prims\jni.cpp, line 516]
Event: 32.993 Thread 0x000002eadf9479c0 Exception <a 'sun/nio/fs/WindowsException'{0x0000000088814840}> (0x0000000088814840) 
thrown [s\open\src\hotspot\share\prims\jni.cpp, line 516]
Event: 32.993 Thread 0x000002eadf9479c0 Exception <a 'sun/nio/fs/WindowsException'{0x00000000888151a8}> (0x00000000888151a8) 
thrown [s\open\src\hotspot\share\prims\jni.cpp, line 516]
Event: 32.993 Thread 0x000002eadf9479c0 Exception <a 'sun/nio/fs/WindowsException'{0x00000000888154c8}> (0x00000000888154c8) 
thrown [s\open\src\hotspot\share\prims\jni.cpp, line 516]
Event: 32.993 Thread 0x000002eadf9479c0 Exception <a 'sun/nio/fs/WindowsException'{0x0000000088815e20}> (0x0000000088815e20) 
thrown [s\open\src\hotspot\share\prims\jni.cpp, line 516]
Event: 32.994 Thread 0x000002eadd66a550 Exception <a 'sun/nio/fs/WindowsException'{0x00000000888254e0}> (0x00000000888254e0) 
thrown [s\open\src\hotspot\share\prims\jni.cpp, line 516]
Event: 32.994 Thread 0x000002eadd66a550 Exception <a 'sun/nio/fs/WindowsException'{0x0000000088825800}> (0x0000000088825800) 
thrown [s\open\src\hotspot\share\prims\jni.cpp, line 516]
Event: 32.994 Thread 0x000002eadf9479c0 Exception <a 'sun/nio/fs/WindowsException'{0x0000000088816120}> (0x0000000088816120) 
thrown [s\open\src\hotspot\share\prims\jni.cpp, line 516]
Event: 32.994 Thread 0x000002eadf9479c0 Exception <a 'sun/nio/fs/WindowsException'{0x0000000088816a88}> (0x0000000088816a88) 
thrown [s\open\src\hotspot\share\prims\jni.cpp, line 516]
Event: 32.995 Thread 0x000002eadd66a550 Exception <a 'sun/nio/fs/WindowsException'{0x0000000088826178}> (0x0000000088826178) 
thrown [s\open\src\hotspot\share\prims\jni.cpp, line 516]
Event: 32.995 Thread 0x000002eadf9479c0 Exception <a 'sun/nio/fs/WindowsException'{0x0000000088816da8}> (0x0000000088816da8) 
thrown [s\open\src\hotspot\share\prims\jni.cpp, line 516]
Event: 32.995 Thread 0x000002eadd66a550 Exception <a 'sun/nio/fs/WindowsException'{0x00000000888264a8}> (0x00000000888264a8) 
thrown [s\open\src\hotspot\share\prims\jni.cpp, line 516]
Event: 32.996 Thread 0x000002eadd66a550 Exception <a 'sun/nio/fs/WindowsException'{0x0000000088826e10}> (0x0000000088826e10) 
thrown [s\open\src\hotspot\share\prims\jni.cpp, line 516]
Event: 32.996 Thread 0x000002eadd66a550 Exception <a 'sun/nio/fs/WindowsException'{0x0000000088827140}> (0x0000000088827140) 
thrown [s\open\src\hotspot\share\prims\jni.cpp, line 516]
Event: 32.996 Thread 0x000002eadf9479c0 Exception <a 'sun/nio/fs/WindowsException'{0x0000000088817728}> (0x0000000088817728) 
thrown [s\open\src\hotspot\share\prims\jni.cpp, line 516]
Event: 32.996 Thread 0x000002eadf9479c0 Exception <a 'sun/nio/fs/WindowsException'{0x0000000088817a58}> (0x0000000088817a58) 
thrown [s\open\src\hotspot\share\prims\jni.cpp, line 516]
Event: 33.000 Thread 0x000002eadf9479c0 Exception <a 'sun/nio/fs/WindowsException'{0x00000000888183f0}> (0x00000000888183f0) 
thrown [s\open\src\hotspot\share\prims\jni.cpp, line 516]
Event: 33.002 Thread 0x000002eadf9479c0 Exception <a 'sun/nio/fs/WindowsException'{0x0000000088818740}> (0x0000000088818740) 
thrown [s\open\src\hotspot\share\prims\jni.cpp, line 516]
Event: 33.002 Thread 0x000002eadf9479c0 Exception <a 'sun/nio/fs/WindowsException'{0x00000000888190d0}> (0x00000000888190d0) 
thrown [s\open\src\hotspot\share\prims\jni.cpp, line 516]
Event: 33.003 Thread 0x000002eadf9479c0 Exception <a 'sun/nio/fs/WindowsException'{0x0000000088819420}> (0x0000000088819420) 
thrown [s\open\src\hotspot\share\prims\jni.cpp, line 516]

VM Operations (20 events):
Event: 29.029 Executing VM operation: HandshakeAllThreads done
Event: 29.233 Executing VM operation: HandshakeAllThreads
Event: 29.233 Executing VM operation: HandshakeAllThreads done
Event: 29.529 Executing VM operation: HandshakeAllThreads
Event: 29.530 Executing VM operation: HandshakeAllThreads done
Event: 30.203 Executing VM operation: G1CollectForAllocation
Event: 30.239 Executing VM operation: G1CollectForAllocation done
Event: 31.253 Executing VM operation: Cleanup
Event: 31.257 Executing VM operation: Cleanup done
Event: 31.280 Executing VM operation: G1CollectForAllocation
Event: 31.334 Executing VM operation: G1CollectForAllocation done
Event: 31.373 Executing VM operation: HandshakeAllThreads
Event: 31.373 Executing VM operation: HandshakeAllThreads done
Event: 31.408 Executing VM operation: HandshakeAllThreads
Event: 31.408 Executing VM operation: HandshakeAllThreads done
Event: 32.019 Executing VM operation: G1CollectForAllocation
Event: 32.102 Executing VM operation: G1CollectForAllocation done
Event: 32.616 Executing VM operation: G1CollectForAllocation
Event: 32.678 Executing VM operation: G1CollectForAllocation done
Event: 33.029 Executing VM operation: G1TryInitiateConcMark

Events (20 events):
Event: 32.799 Thread 0x000002eadd6683a0 Thread exited: 0x000002eadd6683a0
Event: 32.799 Thread 0x000002eadf947020 Thread exited: 0x000002eadf947020
Event: 32.799 Thread 0x000002eadd668870 Thread exited: 0x000002eadd668870
Event: 32.799 Thread 0x000002eadd6696e0 Thread exited: 0x000002eadd6696e0
Event: 32.799 Thread 0x000002eadd667ed0 Thread exited: 0x000002eadd667ed0
Event: 32.799 Thread 0x000002eadd667530 Thread exited: 0x000002eadd667530
Event: 32.962 Thread 0x000002eadf947020 Thread added: 0x000002eadf947020
Event: 32.968 Thread 0x000002eadf9479c0 Thread added: 0x000002eadf9479c0
Event: 32.969 Thread 0x000002eadd66a550 Thread added: 0x000002eadd66a550
Event: 32.969 Thread 0x000002eadd668870 Thread added: 0x000002eadd668870
Event: 32.970 Thread 0x000002eadd6696e0 Thread added: 0x000002eadd6696e0
Event: 32.971 Thread 0x000002eadd6683a0 Thread added: 0x000002eadd6683a0
Event: 32.972 Thread 0x000002eadd669bb0 Thread added: 0x000002eadd669bb0
Event: 32.982 Thread 0x000002eadd667060 Thread added: 0x000002eadd667060
Event: 32.982 Thread 0x000002eadd66a080 Thread added: 0x000002eadd66a080
Event: 32.983 Thread 0x000002eadd66aa20 Thread added: 0x000002eadd66aa20
Event: 32.984 Thread 0x000002eadd667ed0 Thread added: 0x000002eadd667ed0
Event: 32.986 Thread 0x000002eadd667530 Thread added: 0x000002eadd667530
Event: 32.987 Thread 0x000002eadd668d40 Thread added: 0x000002eadd668d40
Event: 32.987 Thread 0x000002eadd667a00 Thread added: 0x000002eadd667a00


Dynamic libraries:
0x00007ff67b080000 - 0x00007ff67b090000 	C:\Program Files\Java\jdk-17.0.5\bin\java.exe
0x00007ffd6b830000 - 0x00007ffd6ba44000 	C:\WINDOWS\SYSTEM32\ntdll.dll
0x00007ffd6a8f0000 - 0x00007ffd6a9b2000 	C:\WINDOWS\System32\KERNEL32.DLL
0x00007ffd68e50000 - 0x00007ffd691ec000 	C:\WINDOWS\System32\KERNELBASE.dll
0x00007ffd69300000 - 0x00007ffd69411000 	C:\WINDOWS\System32\ucrtbase.dll
0x00007ffd626b0000 - 0x00007ffd626c8000 	C:\Program Files\Java\jdk-17.0.5\bin\jli.dll
0x00007ffd4f190000 - 0x00007ffd4f1aa000 	C:\Program Files\Java\jdk-17.0.5\bin\VCRUNTIME140.dll
0x00007ffd69ef0000 - 0x00007ffd69f9e000 	C:\WINDOWS\System32\ADVAPI32.dll
0x00007ffd6b330000 - 0x00007ffd6b3d7000 	C:\WINDOWS\System32\msvcrt.dll
0x00007ffd6b640000 - 0x00007ffd6b6e4000 	C:\WINDOWS\System32\sechost.dll
0x00007ffd6a6a0000 - 0x00007ffd6a7b7000 	C:\WINDOWS\System32\RPCRT4.dll
0x00007ffd6b490000 - 0x00007ffd6b63b000 	C:\WINDOWS\System32\USER32.dll
0x00007ffd69420000 - 0x00007ffd69446000 	C:\WINDOWS\System32\win32u.dll
0x00007ffd4e030000 - 0x00007ffd4e2be000 	C:\WINDOWS\WinSxS\amd64_microsoft.windows.common-controls_6595b64144ccf1df_6.0.22621.608_none_a9444ca7c10bb01d\COMCTL32.dll
0x00007ffd6a8c0000 - 0x00007ffd6a8e9000 	C:\WINDOWS\System32\GDI32.dll
0x00007ffd68d30000 - 0x00007ffd68e43000 	C:\WINDOWS\System32\gdi32full.dll
0x00007ffd69260000 - 0x00007ffd692fa000 	C:\WINDOWS\System32\msvcp_win.dll
0x00007ffd61d90000 - 0x00007ffd61d9a000 	C:\WINDOWS\SYSTEM32\VERSION.dll
0x00007ffd6ae10000 - 0x00007ffd6ae41000 	C:\WINDOWS\System32\IMM32.DLL
0x00007ffd63010000 - 0x00007ffd6301c000 	C:\Program Files\Java\jdk-17.0.5\bin\vcruntime140_1.dll
0x00007ffd45a60000 - 0x00007ffd45aed000 	C:\Program Files\Java\jdk-17.0.5\bin\msvcp140.dll
0x00007ffcfffe0000 - 0x00007ffd00ba2000 	C:\Program Files\Java\jdk-17.0.5\bin\server\jvm.dll
0x00007ffd6ac40000 - 0x00007ffd6ac48000 	C:\WINDOWS\System32\PSAPI.DLL
0x00007ffd63020000 - 0x00007ffd63029000 	C:\WINDOWS\SYSTEM32\WSOCK32.dll
0x00007ffd61c90000 - 0x00007ffd61cc4000 	C:\WINDOWS\SYSTEM32\WINMM.dll
0x00007ffd6b6f0000 - 0x00007ffd6b761000 	C:\WINDOWS\System32\WS2_32.dll
0x00007ffd67d70000 - 0x00007ffd67d88000 	C:\WINDOWS\SYSTEM32\kernel.appcore.dll
0x00007ffd63f40000 - 0x00007ffd63f4a000 	C:\Program Files\Java\jdk-17.0.5\bin\jimage.dll
0x00007ffd66610000 - 0x00007ffd6683e000 	C:\WINDOWS\SYSTEM32\DBGHELP.DLL
0x00007ffd6afa0000 - 0x00007ffd6b329000 	C:\WINDOWS\System32\combase.dll
0x00007ffd6a420000 - 0x00007ffd6a4f7000 	C:\WINDOWS\System32\OLEAUT32.dll
0x00007ffd48ec0000 - 0x00007ffd48ef2000 	C:\WINDOWS\SYSTEM32\dbgcore.DLL
0x00007ffd695c0000 - 0x00007ffd6963b000 	C:\WINDOWS\System32\bcryptPrimitives.dll
0x00007ffd63f20000 - 0x00007ffd63f2e000 	C:\Program Files\Java\jdk-17.0.5\bin\instrument.dll
0x00007ffd4d5e0000 - 0x00007ffd4d605000 	C:\Program Files\Java\jdk-17.0.5\bin\java.dll
0x00007ffd3e6d0000 - 0x00007ffd3e7a6000 	C:\Program Files\Java\jdk-17.0.5\bin\jsvml.dll
0x00007ffd69640000 - 0x00007ffd69e30000 	C:\WINDOWS\System32\SHELL32.dll
0x00007ffd66c30000 - 0x00007ffd674fd000 	C:\WINDOWS\SYSTEM32\windows.storage.dll
0x00007ffd66af0000 - 0x00007ffd66c2e000 	C:\WINDOWS\SYSTEM32\wintypes.dll
0x00007ffd6a7c0000 - 0x00007ffd6a8b1000 	C:\WINDOWS\System32\SHCORE.dll
0x00007ffd6ae50000 - 0x00007ffd6aeae000 	C:\WINDOWS\System32\shlwapi.dll
0x00007ffd68ba0000 - 0x00007ffd68bc1000 	C:\WINDOWS\SYSTEM32\profapi.dll
0x00007ffd4d6a0000 - 0x00007ffd4d6b8000 	C:\Program Files\Java\jdk-17.0.5\bin\zip.dll
0x00007ffd4d660000 - 0x00007ffd4d679000 	C:\Program Files\Java\jdk-17.0.5\bin\net.dll
0x00007ffd60ed0000 - 0x00007ffd61007000 	C:\WINDOWS\SYSTEM32\WINHTTP.dll
0x00007ffd681d0000 - 0x00007ffd68239000 	C:\WINDOWS\system32\mswsock.dll
0x00007ffd4d630000 - 0x00007ffd4d646000 	C:\Program Files\Java\jdk-17.0.5\bin\nio.dll
0x00007ffd63030000 - 0x00007ffd63040000 	C:\Program Files\Java\jdk-17.0.5\bin\verify.dll
0x00007ffd401f0000 - 0x00007ffd40207000 	C:\WINDOWS\system32\napinsp.dll
0x00007ffd40110000 - 0x00007ffd4012b000 	C:\WINDOWS\system32\pnrpnsp.dll
0x00007ffd67830000 - 0x00007ffd67923000 	C:\WINDOWS\SYSTEM32\DNSAPI.dll
0x00007ffd677c0000 - 0x00007ffd677ed000 	C:\WINDOWS\SYSTEM32\IPHLPAPI.DLL
0x00007ffd6af70000 - 0x00007ffd6af79000 	C:\WINDOWS\System32\NSI.dll
0x00007ffd40080000 - 0x00007ffd40091000 	C:\WINDOWS\System32\winrnr.dll
0x00007ffd606d0000 - 0x00007ffd606e5000 	C:\WINDOWS\system32\wshbth.dll
0x00007ffd40000000 - 0x00007ffd40021000 	C:\WINDOWS\system32\nlansp_c.dll
0x00007ffd59cf0000 - 0x00007ffd59cfa000 	C:\Windows\System32\rasadhlp.dll
0x00007ffd5eee0000 - 0x00007ffd5ef63000 	C:\WINDOWS\System32\fwpuclnt.dll
0x00007ffd533b0000 - 0x00007ffd533b9000 	C:\Program Files\Java\jdk-17.0.5\bin\management.dll
0x00007ffd4d5d0000 - 0x00007ffd4d5db000 	C:\Program Files\Java\jdk-17.0.5\bin\management_ext.dll
0x00007ffd68410000 - 0x00007ffd6842b000 	C:\WINDOWS\SYSTEM32\CRYPTSP.dll
0x00007ffd67ce0000 - 0x00007ffd67d15000 	C:\WINDOWS\system32\rsaenh.dll
0x00007ffd68280000 - 0x00007ffd682a8000 	C:\WINDOWS\SYSTEM32\USERENV.dll
0x00007ffd68640000 - 0x00007ffd68668000 	C:\WINDOWS\SYSTEM32\bcrypt.dll
0x00007ffd68400000 - 0x00007ffd6840c000 	C:\WINDOWS\SYSTEM32\CRYPTBASE.dll
0x00007ffd61240000 - 0x00007ffd61259000 	C:\WINDOWS\SYSTEM32\dhcpcsvc6.DLL
0x00007ffd60790000 - 0x00007ffd607af000 	C:\WINDOWS\SYSTEM32\dhcpcsvc.DLL
0x00007ffd62df0000 - 0x00007ffd62dfe000 	C:\Program Files\Java\jdk-17.0.5\bin\sunmscapi.dll
0x00007ffd69450000 - 0x00007ffd695b6000 	C:\WINDOWS\System32\CRYPT32.dll
0x00007ffd68610000 - 0x00007ffd6863e000 	C:\WINDOWS\SYSTEM32\ncrypt.dll
0x00007ffd685d0000 - 0x00007ffd68607000 	C:\WINDOWS\SYSTEM32\NTASN1.dll

dbghelp: loaded successfully - version: 4.0.5 - missing functions: none
symbol engine: initialized successfully - sym options: 0x614 - pdb path: .;C:\Program Files\Java\jdk-17.0.5\bin;C:\WINDOWS\SYSTEM32;C:\WINDOWS\WinSxS\amd64_microsoft.windows.common-controls_6595b64144ccf1df_6.0.22621.608_none_a9444ca7c10bb01d;C:\Program Files\Java\jdk-17.0.5\bin\server

VM Arguments:
jvm_args: -javaagent:C:\\Users\\ashis\\.m2\\repository\\org\\jacoco\\org.jacoco.agent\\0.8.9\\org.jacoco.agent-0.8.9-runtime.jar=destfile=G:\\1Ashish_Mfpe\\Claim Mangement\\ClaimBackend\\surveyor\\target\\jacoco.exec 
java_command: C:\Users\ashis\AppData\Local\Temp\surefire12444028372753265440\surefirebooter2259329487527287474.jar C:\Users\ashis\AppData\Local\Temp\surefire12444028372753265440 2023-05-01T19-03-45_752-jvmRun1 surefire9772662284560455260tmp surefire_011611054695746379614tmp
java_class_path (initial): C:\Users\ashis\AppData\Local\Temp\surefire12444028372753265440\surefirebooter2259329487527287474.jar
Launcher Type: SUN_STANDARD

[Global flags]
     intx CICompilerCount                          = 4                                         {product} {ergonomic}
     uint ConcGCThreads                            = 2                                         {product} {ergonomic}
     uint G1ConcRefinementThreads                  = 8                                         {product} {ergonomic}
   size_t G1HeapRegionSize                         = 1048576                                   {product} {ergonomic}
    uintx GCDrainStackTargetSize                   = 64                                        {product} {ergonomic}
   size_t InitialHeapSize                          = 134217728                                 {product} {ergonomic}
   size_t MarkStackSize                            = 4194304                                   {product} {ergonomic}
   size_t MaxHeapSize                              = 2116026368                                {product} {ergonomic}
   size_t MaxNewSize                               = 1268776960                                {product} {ergonomic}
   size_t MinHeapDeltaBytes                        = 1048576                                   {product} {ergonomic}
   size_t MinHeapSize                              = 8388608                                   {product} {ergonomic}
    uintx NonNMethodCodeHeapSize                   = 5839372                                {pd product} {ergonomic}
    uintx NonProfiledCodeHeapSize                  = 122909434                              {pd product} {ergonomic}
    uintx ProfiledCodeHeapSize                     = 122909434                              {pd product} {ergonomic}
    uintx ReservedCodeCacheSize                    = 251658240                              {pd product} {ergonomic}
     bool SegmentedCodeCache                       = true                                      {product} {ergonomic}
   size_t SoftMaxHeapSize                          = 2116026368                             {manageable} {ergonomic}
     bool UseCompressedClassPointers               = true                           {product lp64_product} {ergonomic}
     bool UseCompressedOops                        = true                           {product lp64_product} {ergonomic}
     bool UseG1GC                                  = true                                      {product} {ergonomic}
     bool UseLargePagesIndividualAllocation        = false                                  {pd product} {ergonomic}

Logging:
Log output configuration:
 #0: stdout all=warning uptime,level,tags
 #1: stderr all=off uptime,level,tags

Environment Variables:
JAVA_HOME=C:\jdk-17.0.5\bin
PATH=C:/Program Files/Java/jdk-17.0.5/bin/server;C:/Program Files/Java/jdk-17.0.5/bin;C:\Program Files\Common Files\Oracle\Java\javapath;C:\WINDOWS\system32;C:\WINDOWS;C:\WINDOWS\System32\Wbem;C:\WINDOWS\System32\WindowsPowerShell\v1.0\;C:\WINDOWS\System32\OpenSSH\;C:\Program Files\Java\jdk1.8.0_202;C:\Program Files (x86)\nodejs\;C:\Program Files\Git\cmd;C:\Program Files\Docker\Docker\resources\bin;C:\jdk-17.0.5\bin;C:\Program Files\MySQL\MySQL Shell 8.0\bin\;C:\Users\ashis\AppData\Local\Microsoft\WindowsApps;C:\Users\ashis\AppData\Local\Programs\Microsoft VS Code\bin;C:\Program Files\apache-maven-3.9.0\bin;C:\Users\ashis\AppData\Roaming\npm;G:\1Ashish_Mfpe\sonar-scanner-4.8.0.2856-windows\bin;C:\jdk-17.0.5\bin;;C:\Users\ashis\eclipse\jee-2022-12\eclipse;
USERNAME=ashis
OS=Windows_NT
PROCESSOR_IDENTIFIER=Intel64 Family 6 Model 142 Stepping 12, GenuineIntel



---------------  S Y S T E M  ---------------

OS:
 Windows 11 , 64 bit Build 22621 (10.0.22621.1485)
OS uptime: 3 days 2:06 hours
Hyper-V role detected

CPU: total 8 (initial active 8) (4 cores per cpu, 2 threads per core) family 6 model 142 stepping 12 microcode 0xea, cx8, cmov, fxsr, ht, mmx, 3dnowpref, sse, sse2, sse3, ssse3, sse4.1, sse4.2, popcnt, lzcnt, tsc, tscinvbit, avx, avx2, aes, erms, clmul, bmi1, bmi2, adx, fma, vzeroupper, clflush, clflushopt, hv

Memory: 4k page, system-wide physical 8070M (237M free)
TotalPageFile size 32646M (AvailPageFile size 18M)
current process WorkingSet (physical memory assigned to process): 311M, peak: 320M
current process commit charge ("private bytes"): 362M, peak: 438M

vm_info: Java HotSpot(TM) 64-Bit Server VM (17.0.5+9-LTS-191) for windows-amd64 JRE (17.0.5+9-LTS-191), built on Sep 13 2022 17:31:43 by "mach5one" with MS VC++ 16.8 / 16.9 (VS2019)

END.
