#
# There is insufficient memory for the Java Runtime Environment to continue.
# Native memory allocation (mmap) failed to map 2097152 bytes for G1 virtual space
# Possible reasons:
#   The system is out of physical RAM or swap space
#   The process is running with CompressedOops enabled, and the Java Heap may be blocking the growth of the native heap
# Possible solutions:
#   Reduce memory load on the system
#   Increase physical memory or swap space
#   Check if swap backing store is full
#   Decrease Java heap size (-Xmx/-Xms)
#   Decrease number of Java threads
#   Decrease Java thread stack sizes (-Xss)
#   Set larger code cache with -XX:ReservedCodeCacheSize=
#   JVM is running with Unscaled Compressed Oops mode in which the Java heap is
#     placed in the first 4GB address space. The Java Heap base address is the
#     maximum limit for the native heap growth. Please use -XX:HeapBaseMinAddress
#     to set the Java Heap base and to place the Java Heap above 4GB virtual address.
# This output file may be truncated or incomplete.
#
#  Out of Memory Error (os_windows.cpp:3541), pid=22236, tid=20172
#
# JRE version:  (17.0.5+9) (build )
# Java VM: Java HotSpot(TM) 64-Bit Server VM (17.0.5+9-LTS-191, mixed mode, sharing, tiered, compressed oops, compressed class ptrs, g1 gc, windows-amd64)
# No core dump will be written. Minidumps are not enabled by default on client versions of Windows
#

---------------  S U M M A R Y ------------

Command Line: -javaagent:C:\\Users\\ashis\\.m2\\repository\\org\\jacoco\\org.jacoco.agent\\0.8.9\\org.jacoco.agent-0.8.9-runtime.jar=destfile=G:\\1Ashish_Mfpe\\Claim Mangement\\ClaimBackend\\surveyor\\target\\jacoco.exec C:\Users\ashis\AppData\Local\Temp\surefire14383724503470954739\surefirebooter17497398679777183874.jar C:\Users\ashis\AppData\Local\Temp\surefire14383724503470954739 2023-05-01T18-59-47_935-jvmRun1 surefire10856711897632436920tmp surefire_011243375539532913283tmp

Host: Intel(R) Core(TM) i5-8265U CPU @ 1.60GHz, 8 cores, 7G,  Windows 11 , 64 bit Build 22621 (10.0.22621.1485)
Time: Mon May  1 18:59:52 2023 India Standard Time elapsed time: 0.871718 seconds (0d 0h 0m 0s)

---------------  T H R E A D  ---------------

Current thread (0x000002290d50e580):  JavaThread "Unknown thread" [_thread_in_vm, id=20172, stack(0x000000308fa00000,0x000000308fb00000)]

Stack: [0x000000308fa00000,0x000000308fb00000]
Native frames: (J=compiled Java code, j=interpreted, Vv=VM code, C=native code)
V  [jvm.dll+0x672eea]
V  [jvm.dll+0x7d2a04]
V  [jvm.dll+0x7d41ae]
V  [jvm.dll+0x7d4813]
V  [jvm.dll+0x242c15]
V  [jvm.dll+0x66fe09]
V  [jvm.dll+0x664682]
V  [jvm.dll+0x300e8b]
V  [jvm.dll+0x308426]
V  [jvm.dll+0x358028]
V  [jvm.dll+0x35822f]
V  [jvm.dll+0x2d80a8]
V  [jvm.dll+0x2d9014]
V  [jvm.dll+0x7a44e1]
V  [jvm.dll+0x365df1]
V  [jvm.dll+0x7838fc]
V  [jvm.dll+0x3e873f]
V  [jvm.dll+0x3ea1e1]
C  [jli.dll+0x527b]
C  [ucrtbase.dll+0x29363]
C  [KERNEL32.DLL+0x1269d]
C  [ntdll.dll+0x5a9f8]


---------------  P R O C E S S  ---------------

Threads class SMR info:
_java_thread_list=0x00007ffd00a7a8d8, length=0, elements={
}

Java Threads: ( => current thread )

Other Threads:
  0x000002290d571900 GCTaskThread "GC Thread#0" [stack: 0x000000308fb00000,0x000000308fc00000] [id=21836]
  0x000002290d5834f0 ConcurrentGCThread "G1 Main Marker" [stack: 0x000000308fc00000,0x000000308fd00000] [id=7628]
  0x000002290d5845a0 ConcurrentGCThread "G1 Conc#0" [stack: 0x000000308fd00000,0x000000308fe00000] [id=15484]

[error occurred during error reporting (printing all threads), id 0xc0000005, EXCEPTION_ACCESS_VIOLATION (0xc0000005) at pc=0x00007ffd002c8a97]

VM state: not at safepoint (not fully initialized)

VM Mutex/Monitor currently owned by a thread:  ([mutex/lock_event])
[0x000002290d5096a0] Heap_lock - owner thread: 0x000002290d50e580

Heap address: 0x0000000081e00000, size: 2018 MB, Compressed Oops mode: 32-bit

CDS archive(s) mapped at: [0x0000000000000000-0x0000000000000000-0x0000000000000000), size 0, SharedBaseAddress: 0x0000000800000000, ArchiveRelocationMode: 0.
Narrow klass base: 0x0000000000000000, Narrow klass shift: 0, Narrow klass range: 0x0

GC Precious Log:
<Empty>

Heap:
 garbage-first heap   total 0K, used 0K [0x0000000081e00000, 0x0000000100000000)
  region size 1024K, 0 young (0K), 0 survivors (0K)

[error occurred during error reporting (printing heap information), id 0xc0000005, EXCEPTION_ACCESS_VIOLATION (0xc0000005) at pc=0x00007ffd006ac399]

GC Heap History (0 events):
No events

Deoptimization events (0 events):
No events

Classes unloaded (0 events):
No events

Classes redefined (0 events):
No events

Internal exceptions (0 events):
No events

VM Operations (0 events):
No events

Events (1 events):
Event: 0.194 Loaded shared library C:\Program Files\Java\jdk-17.0.5\bin\java.dll


Dynamic libraries:
0x00007ff67b080000 - 0x00007ff67b090000 	C:\Program Files\Java\jdk-17.0.5\bin\java.exe
0x00007ffd6b830000 - 0x00007ffd6ba44000 	C:\WINDOWS\SYSTEM32\ntdll.dll
0x00007ffd6a8f0000 - 0x00007ffd6a9b2000 	C:\WINDOWS\System32\KERNEL32.DLL
0x00007ffd68e50000 - 0x00007ffd691ec000 	C:\WINDOWS\System32\KERNELBASE.dll
0x00007ffd69300000 - 0x00007ffd69411000 	C:\WINDOWS\System32\ucrtbase.dll
0x00007ffd626b0000 - 0x00007ffd626c8000 	C:\Program Files\Java\jdk-17.0.5\bin\jli.dll
0x00007ffd4f190000 - 0x00007ffd4f1aa000 	C:\Program Files\Java\jdk-17.0.5\bin\VCRUNTIME140.dll
0x00007ffd69ef0000 - 0x00007ffd69f9e000 	C:\WINDOWS\System32\ADVAPI32.dll
0x00007ffd6b330000 - 0x00007ffd6b3d7000 	C:\WINDOWS\System32\msvcrt.dll
0x00007ffd6b640000 - 0x00007ffd6b6e4000 	C:\WINDOWS\System32\sechost.dll
0x00007ffd6a6a0000 - 0x00007ffd6a7b7000 	C:\WINDOWS\System32\RPCRT4.dll
0x00007ffd6b490000 - 0x00007ffd6b63b000 	C:\WINDOWS\System32\USER32.dll
0x00007ffd69420000 - 0x00007ffd69446000 	C:\WINDOWS\System32\win32u.dll
0x00007ffd4e030000 - 0x00007ffd4e2be000 	C:\WINDOWS\WinSxS\amd64_microsoft.windows.common-controls_6595b64144ccf1df_6.0.22621.608_none_a9444ca7c10bb01d\COMCTL32.dll
0x00007ffd6a8c0000 - 0x00007ffd6a8e9000 	C:\WINDOWS\System32\GDI32.dll
0x00007ffd68d30000 - 0x00007ffd68e43000 	C:\WINDOWS\System32\gdi32full.dll
0x00007ffd69260000 - 0x00007ffd692fa000 	C:\WINDOWS\System32\msvcp_win.dll
0x00007ffd61d90000 - 0x00007ffd61d9a000 	C:\WINDOWS\SYSTEM32\VERSION.dll
0x00007ffd6ae10000 - 0x00007ffd6ae41000 	C:\WINDOWS\System32\IMM32.DLL
0x00007ffd63010000 - 0x00007ffd6301c000 	C:\Program Files\Java\jdk-17.0.5\bin\vcruntime140_1.dll
0x00007ffd45a60000 - 0x00007ffd45aed000 	C:\Program Files\Java\jdk-17.0.5\bin\msvcp140.dll
0x00007ffcfffe0000 - 0x00007ffd00ba2000 	C:\Program Files\Java\jdk-17.0.5\bin\server\jvm.dll
0x00007ffd6ac40000 - 0x00007ffd6ac48000 	C:\WINDOWS\System32\PSAPI.DLL
0x00007ffd63020000 - 0x00007ffd63029000 	C:\WINDOWS\SYSTEM32\WSOCK32.dll
0x00007ffd61c90000 - 0x00007ffd61cc4000 	C:\WINDOWS\SYSTEM32\WINMM.dll
0x00007ffd6b6f0000 - 0x00007ffd6b761000 	C:\WINDOWS\System32\WS2_32.dll
0x00007ffd67d70000 - 0x00007ffd67d88000 	C:\WINDOWS\SYSTEM32\kernel.appcore.dll
0x00007ffd63f40000 - 0x00007ffd63f4a000 	C:\Program Files\Java\jdk-17.0.5\bin\jimage.dll
0x00007ffd66610000 - 0x00007ffd6683e000 	C:\WINDOWS\SYSTEM32\DBGHELP.DLL
0x00007ffd6afa0000 - 0x00007ffd6b329000 	C:\WINDOWS\System32\combase.dll
0x00007ffd6a420000 - 0x00007ffd6a4f7000 	C:\WINDOWS\System32\OLEAUT32.dll
0x00007ffd48ec0000 - 0x00007ffd48ef2000 	C:\WINDOWS\SYSTEM32\dbgcore.DLL
0x00007ffd695c0000 - 0x00007ffd6963b000 	C:\WINDOWS\System32\bcryptPrimitives.dll
0x00007ffd63f20000 - 0x00007ffd63f2e000 	C:\Program Files\Java\jdk-17.0.5\bin\instrument.dll
0x00007ffd4d5e0000 - 0x00007ffd4d605000 	C:\Program Files\Java\jdk-17.0.5\bin\java.dll

dbghelp: loaded successfully - version: 4.0.5 - missing functions: none
symbol engine: initialized successfully - sym options: 0x614 - pdb path: .;C:\Program Files\Java\jdk-17.0.5\bin;C:\WINDOWS\SYSTEM32;C:\WINDOWS\WinSxS\amd64_microsoft.windows.common-controls_6595b64144ccf1df_6.0.22621.608_none_a9444ca7c10bb01d;C:\Program Files\Java\jdk-17.0.5\bin\server

VM Arguments:
jvm_args: -javaagent:C:\\Users\\ashis\\.m2\\repository\\org\\jacoco\\org.jacoco.agent\\0.8.9\\org.jacoco.agent-0.8.9-runtime.jar=destfile=G:\\1Ashish_Mfpe\\Claim Mangement\\ClaimBackend\\surveyor\\target\\jacoco.exec 
java_command: C:\Users\ashis\AppData\Local\Temp\surefire14383724503470954739\surefirebooter17497398679777183874.jar C:\Users\ashis\AppData\Local\Temp\surefire14383724503470954739 2023-05-01T18-59-47_935-jvmRun1 surefire10856711897632436920tmp surefire_011243375539532913283tmp
java_class_path (initial): C:\Users\ashis\AppData\Local\Temp\surefire14383724503470954739\surefirebooter17497398679777183874.jar
Launcher Type: SUN_STANDARD

[Global flags]
     intx CICompilerCount                          = 4                                         {product} {ergonomic}
     uint ConcGCThreads                            = 2                                         {product} {ergonomic}
     uint G1ConcRefinementThreads                  = 8                                         {product} {ergonomic}
   size_t G1HeapRegionSize                         = 1048576                                   {product} {ergonomic}
    uintx GCDrainStackTargetSize                   = 64                                        {product} {ergonomic}
   size_t InitialHeapSize                          = 134217728                                 {product} {ergonomic}
   size_t MarkStackSize                            = 4194304                                   {product} {ergonomic}
   size_t MaxHeapSize                              = 2116026368                                {product} {ergonomic}
   size_t MinHeapDeltaBytes                        = 1048576                                   {product} {ergonomic}
   size_t MinHeapSize                              = 8388608                                   {product} {ergonomic}
    uintx NonNMethodCodeHeapSize                   = 5839372                                {pd product} {ergonomic}
    uintx NonProfiledCodeHeapSize                  = 122909434                              {pd product} {ergonomic}
    uintx ProfiledCodeHeapSize                     = 122909434                              {pd product} {ergonomic}
    uintx ReservedCodeCacheSize                    = 251658240                              {pd product} {ergonomic}
     bool SegmentedCodeCache                       = true                                      {product} {ergonomic}
   size_t SoftMaxHeapSize                          = 2116026368                             {manageable} {ergonomic}
     bool UseCompressedClassPointers               = true                           {product lp64_product} {ergonomic}
     bool UseCompressedOops                        = true                           {product lp64_product} {ergonomic}
     bool UseG1GC                                  = true                                      {product} {ergonomic}
     bool UseLargePagesIndividualAllocation        = false                                  {pd product} {ergonomic}

Logging:
Log output configuration:
 #0: stdout all=warning uptime,level,tags
 #1: stderr all=off uptime,level,tags

Environment Variables:
JAVA_HOME=C:\jdk-17.0.5\bin
PATH=C:/Program Files/Java/jdk-17.0.5/bin/server;C:/Program Files/Java/jdk-17.0.5/bin;C:\Program Files\Common Files\Oracle\Java\javapath;C:\WINDOWS\system32;C:\WINDOWS;C:\WINDOWS\System32\Wbem;C:\WINDOWS\System32\WindowsPowerShell\v1.0\;C:\WINDOWS\System32\OpenSSH\;C:\Program Files\Java\jdk1.8.0_202;C:\Program Files (x86)\nodejs\;C:\Program Files\Git\cmd;C:\Program Files\Docker\Docker\resources\bin;C:\jdk-17.0.5\bin;C:\Program Files\MySQL\MySQL Shell 8.0\bin\;C:\Users\ashis\AppData\Local\Microsoft\WindowsApps;C:\Users\ashis\AppData\Local\Programs\Microsoft VS Code\bin;C:\Program Files\apache-maven-3.9.0\bin;C:\Users\ashis\AppData\Roaming\npm;G:\1Ashish_Mfpe\sonar-scanner-4.8.0.2856-windows\bin;C:\jdk-17.0.5\bin;;C:\Users\ashis\eclipse\jee-2022-12\eclipse;
USERNAME=ashis
OS=Windows_NT
PROCESSOR_IDENTIFIER=Intel64 Family 6 Model 142 Stepping 12, GenuineIntel



---------------  S Y S T E M  ---------------

OS:
 Windows 11 , 64 bit Build 22621 (10.0.22621.1485)
OS uptime: 3 days 2:02 hours
Hyper-V role detected

CPU: total 8 (initial active 8) (4 cores per cpu, 2 threads per core) family 6 model 142 stepping 12 microcode 0xea, cx8, cmov, fxsr, ht, mmx, 3dnowpref, sse, sse2, sse3, ssse3, sse4.1, sse4.2, popcnt, lzcnt, tsc, tscinvbit, avx, avx2, aes, erms, clmul, bmi1, bmi2, adx, fma, vzeroupper, clflush, clflushopt, hv

Memory: 4k page, system-wide physical 8070M (355M free)
TotalPageFile size 32646M (AvailPageFile size 3M)
current process WorkingSet (physical memory assigned to process): 11M, peak: 11M
current process commit charge ("private bytes"): 190M, peak: 192M

vm_info: Java HotSpot(TM) 64-Bit Server VM (17.0.5+9-LTS-191) for windows-amd64 JRE (17.0.5+9-LTS-191), built on Sep 13 2022 17:31:43 by "mach5one" with MS VC++ 16.8 / 16.9 (VS2019)

END.
